<?xml version="1.0" encoding="UTF-8"?>
<testsuite xmlns:xsi="http://www.w3.org/2001/XMLSchema-instance" xsi:noNamespaceSchemaLocation="https://maven.apache.org/surefire/maven-surefire-plugin/xsd/surefire-test-report-3.0.xsd" version="3.0" name="uno.GameEngineTest" time="0.243" tests="45" errors="0" skipped="0" failures="0">
  <properties>
[...]
</properties>
  <testcase name="drawTwo_returnsVictimIndex" classname="uno.GameEngineTest" time="0.002"/>
  <testcase name="scoreRound_doesNotCountWinnersOwnCards" classname="uno.GameEngineTest" time="0.0"/>
  <testcase name="buildDeck_hasTwoDrawTwoPerColor" classname="uno.GameEngineTest" time="0.009"/>
  <testcase name="buildDeck_has108Cards" classname="uno.GameEngineTest" time="0.0"/>
  <testcase name="skip_nextPlayerLosesTurn_reverseDirection" classname="uno.GameEngineTest" time="0.0"/>
  <testcase name="reverse_twoPlayer_actsLikeSkip" classname="uno.GameEngineTest" time="0.0"/>
  <testcase name="buildDeck_hasTwoSkipPerColor" classname="uno.GameEngineTest" time="0.001"/>
  <testcase name="skip_wrapsAroundToFirstPlayer" classname="uno.GameEngineTest" time="0.001"/>
  <testcase name="buildDeck_hasTwoOfEachNumber1to9PerColor" classname="uno.GameEngineTest" time="0.002"/>
  <testcase name="draw_returnsEmergencyWildWhenBothEmpty" classname="uno.GameEngineTest" time="0.0"/>
  <testcase name="buildDeck_hasFourWilds" classname="uno.GameEngineTest" time="0.0"/>
  <testcase name="buildDeck_hasFourWildDrawFours" classname="uno.GameEngineTest" time="0.0"/>
  <testcase name="reverse_changesDirectionBackward_threePlayer" classname="uno.GameEngineTest" time="0.0"/>
  <testcase name="unoPenalty_flagResetAfterPenalty" classname="uno.GameEngineTest" time="0.002"/>
  <testcase name="wildDrawFour_alwaysLegal" classname="uno.GameEngineTest" time="0.0"/>
  <testcase name="wildDrawFour_returnsVictimIndex" classname="uno.GameEngineTest" time="0.001"/>
  <testcase name="wildDrawFour_nextPlayerReceivesFourCards" classname="uno.GameEngineTest" time="0.0"/>
  <testcase name="setupRound_upCardIsNotWild" classname="uno.GameEngineTest" time="0.002"/>
  <testcase name="buildDeck_hasTwoReversePerColor" classname="uno.GameEngineTest" time="0.001"/>
  <testcase name="draw_refillsDeckFromDiscardWhenEmpty" classname="uno.GameEngineTest" time="0.001"/>
  <testcase name="multiRound_isGameOver_trueWhenTargetReached" classname="uno.GameEngineTest" time="0.001"/>
  <testcase name="setupRound_dealsSevenCardsEach" classname="uno.GameEngineTest" time="0.001"/>
  <testcase name="wild_alwaysLegal_onAnyUpCard" classname="uno.GameEngineTest" time="0.001"/>
  <testcase name="multiRound_isGameOver_falseWhenBelowTarget" classname="uno.GameEngineTest" time="0.001"/>
  <testcase name="scoreRound_sumsOpponentHandValues" classname="uno.GameEngineTest" time="0.001"/>
  <testcase name="multiRound_gameWinnerIndex_minusOneWhenNobodyWon" classname="uno.GameEngineTest" time="0.001"/>
  <testcase name="buildDeck_hasFourColors" classname="uno.GameEngineTest" time="0.002"/>
  <testcase name="join_emptyHandReturnsEmptyString" classname="uno.GameEngineTest" time="0.187"/>
  <testcase name="join_formatsHandWithIndices" classname="uno.GameEngineTest" time="0.0"/>
  <testcase name="draw_takesFromTopOfDeck" classname="uno.GameEngineTest" time="0.0"/>
  <testcase name="reverse_changesDirectionForward_threePlayer" classname="uno.GameEngineTest" time="0.001"/>
  <testcase name="drawTwo_nextPlayerLosesTurn" classname="uno.GameEngineTest" time="0.002"/>
  <testcase name="setupRound_deckSizeAfterDeal" classname="uno.GameEngineTest" time="0.0"/>
  <testcase name="skip_nextPlayerLosesTurn_threePlayer" classname="uno.GameEngineTest" time="0.0"/>
  <testcase name="drawTwo_nextPlayerReceivesTwoCards" classname="uno.GameEngineTest" time="0.0"/>
  <testcase name="scoreRound_addsPointsToWinnersScore" classname="uno.GameEngineTest" time="0.0"/>
  <testcase name="multiRound_isGameOver_trueWhenTargetExceeded" classname="uno.GameEngineTest" time="0.001"/>
  <testcase name="unoState_detectedWhenHandSizeIsOne" classname="uno.GameEngineTest" time="0.0"/>
  <testcase name="reverse_twoPlayer_flipsDirection" classname="uno.GameEngineTest" time="0.0"/>
  <testcase name="wild_calledColorBecomesActiveColor" classname="uno.GameEngineTest" time="0.0"/>
  <testcase name="multiRound_gameWinnerIndex_returnsHighestScoreAboveTarget" classname="uno.GameEngineTest" time="0.001"/>
  <testcase name="multiRound_scoresAccumulateAcrossRounds" classname="uno.GameEngineTest" time="0.0"/>
  <testcase name="buildDeck_hasOneZeroPerColor" classname="uno.GameEngineTest" time="0.001"/>
  <testcase name="wildDrawFour_nextPlayerLosesTurn" classname="uno.GameEngineTest" time="0.0"/>
  <testcase name="unoPenalty_playerDrawsTwoCards" classname="uno.GameEngineTest" time="0.001"/>
</testsuite>