<?xml version="1.0" encoding="UTF-8"?>
<testsuite xmlns:xsi="http://www.w3.org/2001/XMLSchema-instance" xsi:noNamespaceSchemaLocation="https://maven.apache.org/surefire/maven-surefire-plugin/xsd/surefire-test-report-3.0.xsd" version="3.0" name="uno.RulesTest" time="0.035" tests="20" errors="0" skipped="0" failures="0">
  <properties>
[...]
</properties>
  <testcase name="legal_matchesCalledColor" classname="uno.RulesTest" time="0.001"/>
  <testcase name="legal_sameColor" classname="uno.RulesTest" time="0.001"/>
  <testcase name="legal_reverseAcrossColors" classname="uno.RulesTest" time="0.003"/>
  <testcase name="legal_wildAlwaysPlayable" classname="uno.RulesTest" time="0.001"/>
  <testcase name="legal_sameActionReverse" classname="uno.RulesTest" time="0.001"/>
  <testcase name="legal_sameActionSkip" classname="uno.RulesTest" time="0.001"/>
  <testcase name="legal_wildOnAnyCard" classname="uno.RulesTest" time="0.001"/>
  <testcase name="legal_calledColorGreen" classname="uno.RulesTest" time="0.001"/>
  <testcase name="legal_sameNumberAcrossColors" classname="uno.RulesTest" time="0.002"/>
  <testcase name="legal_sameNumber" classname="uno.RulesTest" time="0.0"/>
  <testcase name="legal_sameActionDrawTwo" classname="uno.RulesTest" time="0.001"/>
  <testcase name="legal_calledColorBlue" classname="uno.RulesTest" time="0.003"/>
  <testcase name="legal_drawTwoAcrossColors" classname="uno.RulesTest" time="0.003"/>
  <testcase name="legal_zeroMatchesZero" classname="uno.RulesTest" time="0.001"/>
  <testcase name="legal_skipAcrossColors" classname="uno.RulesTest" time="0.001"/>
  <testcase name="illegal_wrongCalledColorNumber" classname="uno.RulesTest" time="0.001"/>
  <testcase name="legal_wildDrawFourOnAnyCard" classname="uno.RulesTest" time="0.001"/>
  <testcase name="legal_wildDrawFourAlways" classname="uno.RulesTest" time="0.001"/>
  <testcase name="illegal_wrongCalledColor" classname="uno.RulesTest" time="0.0"/>
  <testcase name="illegal_colorAndNumberMismatch" classname="uno.RulesTest" time="0.0"/>
</testsuite>